success!
success!
success!
success!
success!
success!
success!
success!
success!
success!
success!
success!
success!
success!
success!
success!
success!
success!
success!
success!
success!
success!
success!
success!
success!
timestamp: 2015-11-04T07:54:34.981073
CREATE TABLE twitter(
    id INTEGER PRIMARY KEY AUTOINCREMENT,
    username CHAR(512)
);
timestamp: 2015-11-04T07:55:05.511702
CREATE TABLE twitter(
    id INTEGER PRIMARY KEY AUTOINCREMENT,
    username CHAR(512)
);
timestamp: 2015-11-04T07:55:46.900027
CREATE TABLE twitter(
    id INTEGER PRIMARY KEY AUTOINCREMENT,
    username CHAR(512)
);
timestamp: 2015-11-04T07:56:19.241205
CREATE TABLE twitter(
    id INTEGER PRIMARY KEY AUTOINCREMENT,
    username CHAR(512)
);
timestamp: 2015-11-04T07:56:52.078781
CREATE TABLE twitter(
    id INTEGER PRIMARY KEY AUTOINCREMENT,
    username CHAR(512)
);
timestamp: 2015-11-04T07:58:07.909554
CREATE TABLE twitter(
    id INTEGER PRIMARY KEY AUTOINCREMENT,
    username CHAR(512)
);
timestamp: 2015-11-04T07:59:13.341058
CREATE TABLE twitter(
    id INTEGER PRIMARY KEY AUTOINCREMENT,
    username CHAR(512)
);
timestamp: 2015-11-04T07:59:50.298186
CREATE TABLE twitter(
    id INTEGER PRIMARY KEY AUTOINCREMENT,
    username CHAR(512)
);
timestamp: 2015-11-04T08:00:35.335770
CREATE TABLE twitter(
    id INTEGER PRIMARY KEY AUTOINCREMENT,
    username CHAR(512)
);
timestamp: 2015-11-04T08:01:35.185920
CREATE TABLE twitter(
    id INTEGER PRIMARY KEY AUTOINCREMENT,
    username CHAR(512)
);
timestamp: 2015-11-04T08:02:35.295757
CREATE TABLE twitter(
    id INTEGER PRIMARY KEY AUTOINCREMENT,
    username CHAR(512)
);
timestamp: 2015-11-04T08:03:36.157091
CREATE TABLE twitter(
    id INTEGER PRIMARY KEY AUTOINCREMENT,
    username CHAR(512)
);
timestamp: 2015-11-04T08:04:51.940731
CREATE TABLE twitter(
    id INTEGER PRIMARY KEY AUTOINCREMENT,
    username CHAR(512)
);
timestamp: 2015-11-04T08:05:52.912992
CREATE TABLE twitter(
    id INTEGER PRIMARY KEY AUTOINCREMENT,
    username CHAR(512)
);
timestamp: 2015-11-04T08:07:07.984992
CREATE TABLE twitter(
    id INTEGER PRIMARY KEY AUTOINCREMENT,
    username CHAR(512)
);
timestamp: 2015-11-04T08:08:09.599466
CREATE TABLE twitter(
    id INTEGER PRIMARY KEY AUTOINCREMENT,
    username CHAR(512)
);
timestamp: 2015-11-04T08:10:13.216827
CREATE TABLE twitter(
    id INTEGER PRIMARY KEY AUTOINCREMENT,
    username CHAR(512)
);
timestamp: 2015-11-04T08:10:15.318496
CREATE TABLE twitter(
    id INTEGER PRIMARY KEY AUTOINCREMENT,
    username CHAR(512)
);
timestamp: 2015-11-04T08:10:16.757726
CREATE TABLE twitter(
    id INTEGER PRIMARY KEY AUTOINCREMENT,
    username CHAR(512)
);
timestamp: 2015-11-04T08:10:20.359898
CREATE TABLE twitter(
    id INTEGER PRIMARY KEY AUTOINCREMENT,
    username CHAR(512)
);
timestamp: 2015-11-04T08:10:20.379651
CREATE TABLE twitter(
    id INTEGER PRIMARY KEY AUTOINCREMENT,
    username CHAR(512)
);
timestamp: 2015-11-04T08:12:10.047745
CREATE TABLE twitter(
    id INTEGER PRIMARY KEY AUTOINCREMENT,
    username CHAR(512)
);
timestamp: 2015-11-04T08:12:10.104383
CREATE TABLE twitter(
    id INTEGER PRIMARY KEY AUTOINCREMENT,
    username CHAR(512)
);
timestamp: 2015-11-04T08:12:11.434118
CREATE TABLE twitter(
    id INTEGER PRIMARY KEY AUTOINCREMENT,
    username CHAR(512)
);
timestamp: 2015-11-04T08:12:12.519764
CREATE TABLE twitter(
    id INTEGER PRIMARY KEY AUTOINCREMENT,
    username CHAR(512)
);
timestamp: 2015-11-04T08:12:21.829143
CREATE TABLE twitter(
    id INTEGER PRIMARY KEY AUTOINCREMENT,
    username CHAR(512)
);
timestamp: 2015-11-04T08:12:21.848192
CREATE TABLE twitter(
    id INTEGER PRIMARY KEY AUTOINCREMENT,
    username CHAR(512)
);
timestamp: 2015-11-04T08:12:22.542259
CREATE TABLE twitter(
    id INTEGER PRIMARY KEY AUTOINCREMENT,
    username CHAR(512)
);
timestamp: 2015-11-04T08:12:24.269219
CREATE TABLE twitter(
    id INTEGER PRIMARY KEY AUTOINCREMENT,
    username CHAR(512)
);
timestamp: 2015-11-04T08:12:25.787032
CREATE TABLE twitter(
    id INTEGER PRIMARY KEY AUTOINCREMENT,
    username CHAR(512)
);
timestamp: 2015-11-04T08:12:28.390380
CREATE TABLE twitter(
    id INTEGER PRIMARY KEY AUTOINCREMENT,
    username CHAR(512)
);
timestamp: 2015-11-04T08:12:29.916663
CREATE TABLE twitter(
    id INTEGER PRIMARY KEY AUTOINCREMENT,
    username CHAR(512)
);
timestamp: 2015-11-04T08:12:31.638871
CREATE TABLE twitter(
    id INTEGER PRIMARY KEY AUTOINCREMENT,
    username CHAR(512)
);
timestamp: 2015-11-04T08:12:46.377161
CREATE TABLE twitter(
    id INTEGER PRIMARY KEY AUTOINCREMENT,
    username CHAR(512)
);
timestamp: 2015-11-04T08:13:36.346571
CREATE TABLE twitter(
    id INTEGER PRIMARY KEY AUTOINCREMENT,
    username CHAR(512)
);
timestamp: 2015-11-04T08:13:38.022857
CREATE TABLE twitter(
    id INTEGER PRIMARY KEY AUTOINCREMENT,
    username CHAR(512)
);
timestamp: 2015-11-04T08:13:38.052294
CREATE TABLE twitter(
    id INTEGER PRIMARY KEY AUTOINCREMENT,
    username CHAR(512)
);
timestamp: 2015-11-04T08:13:38.760098
CREATE TABLE twitter(
    id INTEGER PRIMARY KEY AUTOINCREMENT,
    username CHAR(512)
);
timestamp: 2015-11-04T08:13:39.770743
CREATE TABLE twitter(
    id INTEGER PRIMARY KEY AUTOINCREMENT,
    username CHAR(512)
);
timestamp: 2015-11-04T08:13:40.793018
CREATE TABLE twitter(
    id INTEGER PRIMARY KEY AUTOINCREMENT,
    username CHAR(512)
);
timestamp: 2015-11-04T08:13:40.820904
CREATE TABLE twitter(
    id INTEGER PRIMARY KEY AUTOINCREMENT,
    username CHAR(512)
);
timestamp: 2015-11-04T08:13:41.412592
CREATE TABLE twitter(
    id INTEGER PRIMARY KEY AUTOINCREMENT,
    username CHAR(512)
);
timestamp: 2015-11-04T08:13:42.434593
CREATE TABLE twitter(
    id INTEGER PRIMARY KEY AUTOINCREMENT,
    username CHAR(512)
);
timestamp: 2015-11-04T08:13:43.757698
CREATE TABLE twitter(
    id INTEGER PRIMARY KEY AUTOINCREMENT,
    username CHAR(512)
);
timestamp: 2015-11-04T08:14:13.377013
CREATE TABLE twitter(
    id INTEGER PRIMARY KEY AUTOINCREMENT,
    username CHAR(512)
);
timestamp: 2015-11-04T08:14:13.405220
CREATE TABLE twitter(
    id INTEGER PRIMARY KEY AUTOINCREMENT,
    username CHAR(512)
);
timestamp: 2015-11-04T08:14:14.039833
CREATE TABLE twitter(
    id INTEGER PRIMARY KEY AUTOINCREMENT,
    username CHAR(512)
);
timestamp: 2015-11-04T08:14:15.043371
CREATE TABLE twitter(
    id INTEGER PRIMARY KEY AUTOINCREMENT,
    username CHAR(512)
);
timestamp: 2015-11-04T08:14:20.729604
CREATE TABLE twitter(
    id INTEGER PRIMARY KEY AUTOINCREMENT,
    username CHAR(512)
);
timestamp: 2015-11-04T08:16:42.679914
CREATE TABLE twitter(
    id INTEGER PRIMARY KEY AUTOINCREMENT,
    username CHAR(512)
);
timestamp: 2015-11-04T08:16:42.707786
CREATE TABLE twitter(
    id INTEGER PRIMARY KEY AUTOINCREMENT,
    username CHAR(512)
);
timestamp: 2015-11-04T08:16:43.370504
CREATE TABLE twitter(
    id INTEGER PRIMARY KEY AUTOINCREMENT,
    username CHAR(512)
);
timestamp: 2015-11-04T08:16:44.400351
CREATE TABLE twitter(
    id INTEGER PRIMARY KEY AUTOINCREMENT,
    username CHAR(512)
);
timestamp: 2015-11-04T08:17:58.339775
CREATE TABLE twitter(
    id INTEGER PRIMARY KEY AUTOINCREMENT,
    username CHAR(512)
);
timestamp: 2015-11-04T08:18:01.279659
CREATE TABLE twitter(
    id INTEGER PRIMARY KEY AUTOINCREMENT,
    username CHAR(512)
);
timestamp: 2015-11-04T08:18:20.396953
CREATE TABLE twitter(
    id INTEGER PRIMARY KEY AUTOINCREMENT,
    username CHAR(512)
);
timestamp: 2015-11-04T08:18:31.762276
CREATE TABLE twitter(
    id INTEGER PRIMARY KEY AUTOINCREMENT,
    username CHAR(512)
);
timestamp: 2015-11-04T08:19:31.600265
CREATE TABLE twitter(
    id INTEGER PRIMARY KEY AUTOINCREMENT,
    username CHAR(512)
);
timestamp: 2015-11-04T08:20:31.721959
CREATE TABLE twitter(
    id INTEGER PRIMARY KEY AUTOINCREMENT,
    username CHAR(512)
);
timestamp: 2015-11-04T08:21:31.617168
CREATE TABLE twitter(
    id INTEGER PRIMARY KEY AUTOINCREMENT,
    username CHAR(512)
);
timestamp: 2015-11-04T08:22:31.588943
CREATE TABLE twitter(
    id INTEGER PRIMARY KEY AUTOINCREMENT,
    username CHAR(512)
);
timestamp: 2015-11-04T08:23:31.596296
CREATE TABLE twitter(
    id INTEGER PRIMARY KEY AUTOINCREMENT,
    username CHAR(512)
);
timestamp: 2015-11-04T08:24:31.646127
CREATE TABLE twitter(
    id INTEGER PRIMARY KEY AUTOINCREMENT,
    username CHAR(512)
);
timestamp: 2015-11-04T08:25:31.814920
CREATE TABLE twitter(
    id INTEGER PRIMARY KEY AUTOINCREMENT,
    username CHAR(512)
);
timestamp: 2015-11-04T08:26:47.703320
CREATE TABLE twitter(
    id INTEGER PRIMARY KEY AUTOINCREMENT,
    username CHAR(512)
);
timestamp: 2015-11-04T08:28:02.117058
CREATE TABLE twitter(
    id INTEGER PRIMARY KEY AUTOINCREMENT,
    username CHAR(512)
);
timestamp: 2015-11-04T08:29:02.120669
CREATE TABLE twitter(
    id INTEGER PRIMARY KEY AUTOINCREMENT,
    username CHAR(512)
);
timestamp: 2015-11-04T08:30:02.115989
CREATE TABLE twitter(
    id INTEGER PRIMARY KEY AUTOINCREMENT,
    username CHAR(512)
);
timestamp: 2015-11-04T08:31:02.125109
CREATE TABLE twitter(
    id INTEGER PRIMARY KEY AUTOINCREMENT,
    username CHAR(512)
);
timestamp: 2015-11-04T08:32:02.132625
CREATE TABLE twitter(
    id INTEGER PRIMARY KEY AUTOINCREMENT,
    username CHAR(512)
);
timestamp: 2015-11-04T08:33:02.180427
CREATE TABLE twitter(
    id INTEGER PRIMARY KEY AUTOINCREMENT,
    username CHAR(512)
);
timestamp: 2015-11-04T08:36:31.455849
CREATE TABLE twitter(
    id INTEGER PRIMARY KEY AUTOINCREMENT,
    username CHAR(512)
);
timestamp: 2015-11-04T08:36:31.515453
CREATE TABLE twitter(
    id INTEGER PRIMARY KEY AUTOINCREMENT,
    username CHAR(512)
);
timestamp: 2015-11-04T08:36:33.430497
CREATE TABLE twitter(
    id INTEGER PRIMARY KEY AUTOINCREMENT,
    username CHAR(512)
);
timestamp: 2015-11-04T08:36:34.407437
CREATE TABLE twitter(
    id INTEGER PRIMARY KEY AUTOINCREMENT,
    username CHAR(512)
);
timestamp: 2015-11-04T08:36:39.488911
CREATE TABLE twitter(
    id INTEGER PRIMARY KEY AUTOINCREMENT,
    username CHAR(512)
);
timestamp: 2015-11-04T08:38:09.583315
CREATE TABLE twitter(
    id INTEGER PRIMARY KEY AUTOINCREMENT,
    username CHAR(512)
);
timestamp: 2015-11-04T08:38:09.608432
CREATE TABLE twitter(
    id INTEGER PRIMARY KEY AUTOINCREMENT,
    username CHAR(512)
);
timestamp: 2015-11-04T08:38:10.292372
CREATE TABLE twitter(
    id INTEGER PRIMARY KEY AUTOINCREMENT,
    username CHAR(512)
);
timestamp: 2015-11-04T08:38:11.340925
CREATE TABLE twitter(
    id INTEGER PRIMARY KEY AUTOINCREMENT,
    username CHAR(512)
);
timestamp: 2015-11-04T08:38:15.810417
CREATE TABLE twitter(
    id INTEGER PRIMARY KEY AUTOINCREMENT,
    username CHAR(512)
);
timestamp: 2015-11-04T08:40:20.636047
CREATE TABLE twitter(
    id INTEGER PRIMARY KEY AUTOINCREMENT,
    username CHAR(512)
);
timestamp: 2015-11-04T08:40:20.700704
CREATE TABLE twitter(
    id INTEGER PRIMARY KEY AUTOINCREMENT,
    username CHAR(512)
);
timestamp: 2015-11-04T08:40:21.820552
CREATE TABLE twitter(
    id INTEGER PRIMARY KEY AUTOINCREMENT,
    username CHAR(512)
);
timestamp: 2015-11-04T08:40:23.676705
CREATE TABLE twitter(
    id INTEGER PRIMARY KEY AUTOINCREMENT,
    username CHAR(512)
);
timestamp: 2015-11-04T08:40:27.230135
CREATE TABLE twitter(
    id INTEGER PRIMARY KEY AUTOINCREMENT,
    username CHAR(512)
);
timestamp: 2015-11-04T08:40:27.248993
CREATE TABLE twitter(
    id INTEGER PRIMARY KEY AUTOINCREMENT,
    username CHAR(512)
);
timestamp: 2015-11-04T08:40:29.357406
CREATE TABLE twitter(
    id INTEGER PRIMARY KEY AUTOINCREMENT,
    username CHAR(512)
);
timestamp: 2015-11-04T08:40:30.856197
CREATE TABLE twitter(
    id INTEGER PRIMARY KEY AUTOINCREMENT,
    username CHAR(512)
);
timestamp: 2015-11-04T08:40:33.060257
CREATE TABLE twitter(
    id INTEGER PRIMARY KEY AUTOINCREMENT,
    username CHAR(512)
);
timestamp: 2015-11-04T08:40:35.906285
CREATE TABLE twitter(
    id INTEGER PRIMARY KEY AUTOINCREMENT,
    username CHAR(512)
);
timestamp: 2015-11-04T08:40:35.927609
CREATE TABLE twitter(
    id INTEGER PRIMARY KEY AUTOINCREMENT,
    username CHAR(512)
);
timestamp: 2015-11-04T08:40:37.259875
CREATE TABLE twitter(
    id INTEGER PRIMARY KEY AUTOINCREMENT,
    username CHAR(512)
);
timestamp: 2015-11-04T08:40:38.861710
CREATE TABLE twitter(
    id INTEGER PRIMARY KEY AUTOINCREMENT,
    username CHAR(512)
);
timestamp: 2015-11-04T08:40:44.577154
CREATE TABLE twitter(
    id INTEGER PRIMARY KEY AUTOINCREMENT,
    username CHAR(512)
);
timestamp: 2015-11-04T08:40:44.594093
CREATE TABLE twitter(
    id INTEGER PRIMARY KEY AUTOINCREMENT,
    username CHAR(512)
);
timestamp: 2015-11-04T08:45:59.879562
CREATE TABLE twitter(
    id INTEGER PRIMARY KEY AUTOINCREMENT,
    username CHAR(512)
);
timestamp: 2015-11-04T08:46:01.851134
CREATE TABLE twitter(
    id INTEGER PRIMARY KEY AUTOINCREMENT,
    username CHAR(512)
);
timestamp: 2015-11-04T08:46:03.150895
CREATE TABLE twitter(
    id INTEGER PRIMARY KEY AUTOINCREMENT,
    username CHAR(512)
);
timestamp: 2015-11-04T08:46:04.337657
CREATE TABLE twitter(
    id INTEGER PRIMARY KEY AUTOINCREMENT,
    username CHAR(512)
);
timestamp: 2015-11-04T08:46:06.005539
CREATE TABLE twitter(
    id INTEGER PRIMARY KEY AUTOINCREMENT,
    username CHAR(512)
);
timestamp: 2015-11-04T08:46:13.423335
CREATE TABLE twitter(
    id INTEGER PRIMARY KEY AUTOINCREMENT,
    username CHAR(512)
);
timestamp: 2015-11-04T08:46:14.483158
CREATE TABLE twitter(
    id INTEGER PRIMARY KEY AUTOINCREMENT,
    username CHAR(512)
);
timestamp: 2015-11-04T08:46:18.337406
CREATE TABLE twitter(
    id INTEGER PRIMARY KEY AUTOINCREMENT,
    username CHAR(512)
);
timestamp: 2015-11-04T08:46:18.358018
CREATE TABLE twitter(
    id INTEGER PRIMARY KEY AUTOINCREMENT,
    username CHAR(512)
);
timestamp: 2015-11-04T08:48:46.386612
CREATE TABLE twitter(
    id INTEGER PRIMARY KEY AUTOINCREMENT,
    username CHAR(512)
);
timestamp: 2015-11-04T08:48:46.438489
CREATE TABLE twitter(
    id INTEGER PRIMARY KEY AUTOINCREMENT,
    username CHAR(512)
);
timestamp: 2015-11-04T08:51:44.946437
CREATE TABLE twitter(
    id INTEGER PRIMARY KEY AUTOINCREMENT,
    username CHAR(512)
);
timestamp: 2015-11-04T08:51:44.998448
CREATE TABLE twitter(
    id INTEGER PRIMARY KEY AUTOINCREMENT,
    username CHAR(512)
);
timestamp: 2015-11-04T08:51:46.370131
CREATE TABLE twitter(
    id INTEGER PRIMARY KEY AUTOINCREMENT,
    username CHAR(512)
);
timestamp: 2015-11-04T08:51:47.764200
CREATE TABLE twitter(
    id INTEGER PRIMARY KEY AUTOINCREMENT,
    username CHAR(512)
);
timestamp: 2015-11-04T08:51:52.749339
CREATE TABLE twitter(
    id INTEGER PRIMARY KEY AUTOINCREMENT,
    username CHAR(512)
);
timestamp: 2015-11-04T08:51:52.767621
CREATE TABLE twitter(
    id INTEGER PRIMARY KEY AUTOINCREMENT,
    username CHAR(512)
);
timestamp: 2015-11-04T08:51:55.448344
CREATE TABLE twitter(
    id INTEGER PRIMARY KEY AUTOINCREMENT,
    username CHAR(512)
);
timestamp: 2015-11-05T11:31:32.617589
CREATE TABLE twitter(
    id INTEGER PRIMARY KEY AUTOINCREMENT,
    username CHAR(512)
);
timestamp: 2015-11-05T11:31:34.724318
CREATE TABLE twitter(
    id INTEGER PRIMARY KEY AUTOINCREMENT,
    username CHAR(512)
);
timestamp: 2015-11-05T11:40:34.897484
CREATE TABLE twitter(
    id INTEGER PRIMARY KEY AUTOINCREMENT,
    username CHAR(512)
);
timestamp: 2015-11-05T11:45:50.345858
CREATE TABLE twitter(
    id INTEGER PRIMARY KEY AUTOINCREMENT,
    username CHAR(512)
);
timestamp: 2015-11-05T11:46:50.420563
CREATE TABLE twitter(
    id INTEGER PRIMARY KEY AUTOINCREMENT,
    username CHAR(512)
);
timestamp: 2015-11-05T11:47:50.370529
CREATE TABLE twitter(
    id INTEGER PRIMARY KEY AUTOINCREMENT,
    username CHAR(512)
);
timestamp: 2015-11-05T11:48:50.377614
CREATE TABLE twitter(
    id INTEGER PRIMARY KEY AUTOINCREMENT,
    username CHAR(512)
);
timestamp: 2015-11-05T11:49:50.380336
CREATE TABLE twitter(
    id INTEGER PRIMARY KEY AUTOINCREMENT,
    username CHAR(512)
);
timestamp: 2015-11-05T11:50:50.387421
CREATE TABLE twitter(
    id INTEGER PRIMARY KEY AUTOINCREMENT,
    username CHAR(512)
);
timestamp: 2015-11-05T11:51:50.385645
CREATE TABLE twitter(
    id INTEGER PRIMARY KEY AUTOINCREMENT,
    username CHAR(512)
);
timestamp: 2015-11-05T11:52:51.437811
CREATE TABLE twitter(
    id INTEGER PRIMARY KEY AUTOINCREMENT,
    username CHAR(512)
);
timestamp: 2015-11-05T11:54:07.256611
CREATE TABLE twitter(
    id INTEGER PRIMARY KEY AUTOINCREMENT,
    username CHAR(512)
);
timestamp: 2015-11-05T11:55:22.270935
CREATE TABLE twitter(
    id INTEGER PRIMARY KEY AUTOINCREMENT,
    username CHAR(512)
);
timestamp: 2015-11-05T11:56:37.303931
CREATE TABLE twitter(
    id INTEGER PRIMARY KEY AUTOINCREMENT,
    username CHAR(512)
);
timestamp: 2015-11-05T11:57:53.115166
CREATE TABLE twitter(
    id INTEGER PRIMARY KEY AUTOINCREMENT,
    username CHAR(512)
);
timestamp: 2015-11-05T11:59:08.337209
CREATE TABLE twitter(
    id INTEGER PRIMARY KEY AUTOINCREMENT,
    username CHAR(512)
);
timestamp: 2015-11-05T12:00:24.328027
CREATE TABLE twitter(
    id INTEGER PRIMARY KEY AUTOINCREMENT,
    username CHAR(512)
);
timestamp: 2015-11-05T12:01:40.291828
CREATE TABLE twitter(
    id INTEGER PRIMARY KEY AUTOINCREMENT,
    username CHAR(512)
);
timestamp: 2015-11-05T12:02:56.351963
CREATE TABLE twitter(
    id INTEGER PRIMARY KEY AUTOINCREMENT,
    username CHAR(512)
);
timestamp: 2015-11-05T12:04:12.523149
CREATE TABLE twitter(
    id INTEGER PRIMARY KEY AUTOINCREMENT,
    username CHAR(512)
);
timestamp: 2015-11-05T12:05:28.530191
CREATE TABLE twitter(
    id INTEGER PRIMARY KEY AUTOINCREMENT,
    username CHAR(512)
);
timestamp: 2015-11-05T12:06:30.282397
CREATE TABLE twitter(
    id INTEGER PRIMARY KEY AUTOINCREMENT,
    username CHAR(512)
);
timestamp: 2015-11-05T12:07:45.605226
CREATE TABLE twitter(
    id INTEGER PRIMARY KEY AUTOINCREMENT,
    username CHAR(512)
);
timestamp: 2015-11-05T12:09:01.624608
CREATE TABLE twitter(
    id INTEGER PRIMARY KEY AUTOINCREMENT,
    username CHAR(512)
);
timestamp: 2015-11-05T12:10:17.663732
CREATE TABLE twitter(
    id INTEGER PRIMARY KEY AUTOINCREMENT,
    username CHAR(512)
);
timestamp: 2015-11-05T12:11:33.669929
CREATE TABLE twitter(
    id INTEGER PRIMARY KEY AUTOINCREMENT,
    username CHAR(512)
);
timestamp: 2015-11-05T12:12:49.705214
CREATE TABLE twitter(
    id INTEGER PRIMARY KEY AUTOINCREMENT,
    username CHAR(512)
);
timestamp: 2015-11-05T12:14:05.758425
CREATE TABLE twitter(
    id INTEGER PRIMARY KEY AUTOINCREMENT,
    username CHAR(512)
);
timestamp: 2015-11-05T12:15:21.773624
CREATE TABLE twitter(
    id INTEGER PRIMARY KEY AUTOINCREMENT,
    username CHAR(512)
);
timestamp: 2015-11-05T12:16:37.810095
CREATE TABLE twitter(
    id INTEGER PRIMARY KEY AUTOINCREMENT,
    username CHAR(512)
);
timestamp: 2015-11-05T12:17:53.839761
CREATE TABLE twitter(
    id INTEGER PRIMARY KEY AUTOINCREMENT,
    username CHAR(512)
);
timestamp: 2015-11-05T12:18:54.270308
CREATE TABLE twitter(
    id INTEGER PRIMARY KEY AUTOINCREMENT,
    username CHAR(512)
);
timestamp: 2015-11-05T12:20:09.952289
CREATE TABLE twitter(
    id INTEGER PRIMARY KEY AUTOINCREMENT,
    username CHAR(512)
);
timestamp: 2015-11-05T12:21:19.654247
CREATE TABLE twitter(
    id INTEGER PRIMARY KEY AUTOINCREMENT,
    username CHAR(512)
);
timestamp: 2015-11-05T12:22:35.957342
CREATE TABLE twitter(
    id INTEGER PRIMARY KEY AUTOINCREMENT,
    username CHAR(512)
);
timestamp: 2015-11-05T12:23:51.977954
CREATE TABLE twitter(
    id INTEGER PRIMARY KEY AUTOINCREMENT,
    username CHAR(512)
);
timestamp: 2015-11-05T12:25:07.997893
CREATE TABLE twitter(
    id INTEGER PRIMARY KEY AUTOINCREMENT,
    username CHAR(512)
);
timestamp: 2015-11-05T12:26:09.052054
CREATE TABLE twitter(
    id INTEGER PRIMARY KEY AUTOINCREMENT,
    username CHAR(512)
);
timestamp: 2015-11-05T12:27:24.978475
CREATE TABLE twitter(
    id INTEGER PRIMARY KEY AUTOINCREMENT,
    username CHAR(512)
);
timestamp: 2015-11-05T12:28:40.951606
CREATE TABLE twitter(
    id INTEGER PRIMARY KEY AUTOINCREMENT,
    username CHAR(512)
);
timestamp: 2015-11-05T12:29:56.963662
CREATE TABLE twitter(
    id INTEGER PRIMARY KEY AUTOINCREMENT,
    username CHAR(512)
);
timestamp: 2015-11-05T12:31:12.949392
CREATE TABLE twitter(
    id INTEGER PRIMARY KEY AUTOINCREMENT,
    username CHAR(512)
);
timestamp: 2015-11-05T12:32:28.973463
CREATE TABLE twitter(
    id INTEGER PRIMARY KEY AUTOINCREMENT,
    username CHAR(512)
);
timestamp: 2015-11-05T12:33:45.013823
CREATE TABLE twitter(
    id INTEGER PRIMARY KEY AUTOINCREMENT,
    username CHAR(512)
);
timestamp: 2015-11-05T12:35:01.025143
CREATE TABLE twitter(
    id INTEGER PRIMARY KEY AUTOINCREMENT,
    username CHAR(512)
);
timestamp: 2015-11-05T12:36:17.059936
CREATE TABLE twitter(
    id INTEGER PRIMARY KEY AUTOINCREMENT,
    username CHAR(512)
);
timestamp: 2015-11-05T12:37:33.131985
CREATE TABLE twitter(
    id INTEGER PRIMARY KEY AUTOINCREMENT,
    username CHAR(512)
);
timestamp: 2015-11-05T12:38:50.118786
CREATE TABLE twitter(
    id INTEGER PRIMARY KEY AUTOINCREMENT,
    username CHAR(512)
);
timestamp: 2015-11-05T12:40:07.157761
CREATE TABLE twitter(
    id INTEGER PRIMARY KEY AUTOINCREMENT,
    username CHAR(512)
);
timestamp: 2015-11-05T12:41:24.169739
CREATE TABLE twitter(
    id INTEGER PRIMARY KEY AUTOINCREMENT,
    username CHAR(512)
);
timestamp: 2015-11-05T12:42:41.202411
CREATE TABLE twitter(
    id INTEGER PRIMARY KEY AUTOINCREMENT,
    username CHAR(512)
);
timestamp: 2015-11-05T12:43:58.270096
CREATE TABLE twitter(
    id INTEGER PRIMARY KEY AUTOINCREMENT,
    username CHAR(512)
);
timestamp: 2015-11-05T12:45:15.267276
CREATE TABLE twitter(
    id INTEGER PRIMARY KEY AUTOINCREMENT,
    username CHAR(512)
);
timestamp: 2015-11-05T12:46:32.296784
CREATE TABLE twitter(
    id INTEGER PRIMARY KEY AUTOINCREMENT,
    username CHAR(512)
);
timestamp: 2015-11-05T12:47:49.300408
CREATE TABLE twitter(
    id INTEGER PRIMARY KEY AUTOINCREMENT,
    username CHAR(512)
);
timestamp: 2015-11-05T12:49:06.337420
CREATE TABLE twitter(
    id INTEGER PRIMARY KEY AUTOINCREMENT,
    username CHAR(512)
);
timestamp: 2015-11-05T12:50:23.370812
CREATE TABLE twitter(
    id INTEGER PRIMARY KEY AUTOINCREMENT,
    username CHAR(512)
);
timestamp: 2015-11-05T12:51:40.406573
CREATE TABLE twitter(
    id INTEGER PRIMARY KEY AUTOINCREMENT,
    username CHAR(512)
);
timestamp: 2015-11-05T12:52:57.435996
CREATE TABLE twitter(
    id INTEGER PRIMARY KEY AUTOINCREMENT,
    username CHAR(512)
);
timestamp: 2015-11-05T12:54:14.466440
CREATE TABLE twitter(
    id INTEGER PRIMARY KEY AUTOINCREMENT,
    username CHAR(512)
);
timestamp: 2015-11-05T12:55:31.518868
CREATE TABLE twitter(
    id INTEGER PRIMARY KEY AUTOINCREMENT,
    username CHAR(512)
);
timestamp: 2015-11-05T12:56:48.506213
CREATE TABLE twitter(
    id INTEGER PRIMARY KEY AUTOINCREMENT,
    username CHAR(512)
);
timestamp: 2015-11-05T12:58:05.556657
CREATE TABLE twitter(
    id INTEGER PRIMARY KEY AUTOINCREMENT,
    username CHAR(512)
);
timestamp: 2015-11-05T12:59:22.579275
CREATE TABLE twitter(
    id INTEGER PRIMARY KEY AUTOINCREMENT,
    username CHAR(512)
);
timestamp: 2015-11-05T13:00:39.611634
CREATE TABLE twitter(
    id INTEGER PRIMARY KEY AUTOINCREMENT,
    username CHAR(512)
);
timestamp: 2015-11-05T13:01:56.663333
CREATE TABLE twitter(
    id INTEGER PRIMARY KEY AUTOINCREMENT,
    username CHAR(512)
);
timestamp: 2015-11-05T13:03:13.668287
CREATE TABLE twitter(
    id INTEGER PRIMARY KEY AUTOINCREMENT,
    username CHAR(512)
);
timestamp: 2015-11-05T13:04:30.684621
CREATE TABLE twitter(
    id INTEGER PRIMARY KEY AUTOINCREMENT,
    username CHAR(512)
);
timestamp: 2015-11-05T13:05:47.703908
CREATE TABLE twitter(
    id INTEGER PRIMARY KEY AUTOINCREMENT,
    username CHAR(512)
);
timestamp: 2015-11-05T13:07:04.741042
CREATE TABLE twitter(
    id INTEGER PRIMARY KEY AUTOINCREMENT,
    username CHAR(512)
);
timestamp: 2015-11-05T13:08:21.771554
CREATE TABLE twitter(
    id INTEGER PRIMARY KEY AUTOINCREMENT,
    username CHAR(512)
);
timestamp: 2015-11-05T13:09:38.800069
CREATE TABLE twitter(
    id INTEGER PRIMARY KEY AUTOINCREMENT,
    username CHAR(512)
);
timestamp: 2015-11-05T13:10:55.827745
CREATE TABLE twitter(
    id INTEGER PRIMARY KEY AUTOINCREMENT,
    username CHAR(512)
);
timestamp: 2015-11-05T13:12:12.840711
CREATE TABLE twitter(
    id INTEGER PRIMARY KEY AUTOINCREMENT,
    username CHAR(512)
);
timestamp: 2015-11-05T13:13:29.881691
CREATE TABLE twitter(
    id INTEGER PRIMARY KEY AUTOINCREMENT,
    username CHAR(512)
);
timestamp: 2015-11-05T13:14:46.935407
CREATE TABLE twitter(
    id INTEGER PRIMARY KEY AUTOINCREMENT,
    username CHAR(512)
);
timestamp: 2015-11-05T13:16:03.933463
CREATE TABLE twitter(
    id INTEGER PRIMARY KEY AUTOINCREMENT,
    username CHAR(512)
);
timestamp: 2015-11-05T13:17:20.959201
CREATE TABLE twitter(
    id INTEGER PRIMARY KEY AUTOINCREMENT,
    username CHAR(512)
);
timestamp: 2015-11-05T13:18:21.069782
CREATE TABLE twitter(
    id INTEGER PRIMARY KEY AUTOINCREMENT,
    username CHAR(512)
);
timestamp: 2015-11-05T13:19:38.004123
CREATE TABLE twitter(
    id INTEGER PRIMARY KEY AUTOINCREMENT,
    username CHAR(512)
);
timestamp: 2015-11-05T13:20:53.305150
CREATE TABLE twitter(
    id INTEGER PRIMARY KEY AUTOINCREMENT,
    username CHAR(512)
);
timestamp: 2015-11-05T13:21:54.405917
CREATE TABLE twitter(
    id INTEGER PRIMARY KEY AUTOINCREMENT,
    username CHAR(512)
);
timestamp: 2015-11-05T13:23:12.071947
CREATE TABLE twitter(
    id INTEGER PRIMARY KEY AUTOINCREMENT,
    username CHAR(512)
);
timestamp: 2015-11-05T13:24:29.106583
CREATE TABLE twitter(
    id INTEGER PRIMARY KEY AUTOINCREMENT,
    username CHAR(512)
);
timestamp: 2015-11-05T13:25:47.159763
CREATE TABLE twitter(
    id INTEGER PRIMARY KEY AUTOINCREMENT,
    username CHAR(512)
);
timestamp: 2015-11-05T13:27:05.162460
CREATE TABLE twitter(
    id INTEGER PRIMARY KEY AUTOINCREMENT,
    username CHAR(512)
);
timestamp: 2015-11-05T13:28:23.203026
CREATE TABLE twitter(
    id INTEGER PRIMARY KEY AUTOINCREMENT,
    username CHAR(512)
);
timestamp: 2015-11-05T13:29:41.228946
CREATE TABLE twitter(
    id INTEGER PRIMARY KEY AUTOINCREMENT,
    username CHAR(512)
);
timestamp: 2015-11-05T13:30:59.242759
CREATE TABLE twitter(
    id INTEGER PRIMARY KEY AUTOINCREMENT,
    username CHAR(512)
);
timestamp: 2015-11-05T13:32:17.286169
CREATE TABLE twitter(
    id INTEGER PRIMARY KEY AUTOINCREMENT,
    username CHAR(512)
);
timestamp: 2015-11-05T13:33:35.314012
CREATE TABLE twitter(
    id INTEGER PRIMARY KEY AUTOINCREMENT,
    username CHAR(512)
);
timestamp: 2015-11-05T13:34:53.294768
CREATE TABLE twitter(
    id INTEGER PRIMARY KEY AUTOINCREMENT,
    username CHAR(512)
);
timestamp: 2015-11-05T13:36:11.296770
CREATE TABLE twitter(
    id INTEGER PRIMARY KEY AUTOINCREMENT,
    username CHAR(512)
);
timestamp: 2015-11-05T13:37:29.299844
CREATE TABLE twitter(
    id INTEGER PRIMARY KEY AUTOINCREMENT,
    username CHAR(512)
);
timestamp: 2015-11-05T13:38:47.261043
CREATE TABLE twitter(
    id INTEGER PRIMARY KEY AUTOINCREMENT,
    username CHAR(512)
);
timestamp: 2015-11-05T13:40:05.242198
CREATE TABLE twitter(
    id INTEGER PRIMARY KEY AUTOINCREMENT,
    username CHAR(512)
);
timestamp: 2015-11-05T13:41:23.255717
CREATE TABLE twitter(
    id INTEGER PRIMARY KEY AUTOINCREMENT,
    username CHAR(512)
);
timestamp: 2015-11-05T13:42:41.301713
CREATE TABLE twitter(
    id INTEGER PRIMARY KEY AUTOINCREMENT,
    username CHAR(512)
);
timestamp: 2015-11-05T13:43:59.304407
CREATE TABLE twitter(
    id INTEGER PRIMARY KEY AUTOINCREMENT,
    username CHAR(512)
);
timestamp: 2015-11-05T13:45:17.328235
CREATE TABLE twitter(
    id INTEGER PRIMARY KEY AUTOINCREMENT,
    username CHAR(512)
);
timestamp: 2015-11-05T13:46:17.874291
CREATE TABLE twitter(
    id INTEGER PRIMARY KEY AUTOINCREMENT,
    username CHAR(512)
);
timestamp: 2015-11-05T13:47:21.162370
CREATE TABLE twitter(
    id INTEGER PRIMARY KEY AUTOINCREMENT,
    username CHAR(512)
);
timestamp: 2015-11-05T13:48:39.417713
CREATE TABLE twitter(
    id INTEGER PRIMARY KEY AUTOINCREMENT,
    username CHAR(512)
);
timestamp: 2015-11-05T13:49:57.445778
CREATE TABLE twitter(
    id INTEGER PRIMARY KEY AUTOINCREMENT,
    username CHAR(512)
);
timestamp: 2015-11-05T13:51:15.463735
CREATE TABLE twitter(
    id INTEGER PRIMARY KEY AUTOINCREMENT,
    username CHAR(512)
);
timestamp: 2015-11-05T13:52:33.495815
CREATE TABLE twitter(
    id INTEGER PRIMARY KEY AUTOINCREMENT,
    username CHAR(512)
);
timestamp: 2015-11-05T13:53:51.513930
CREATE TABLE twitter(
    id INTEGER PRIMARY KEY AUTOINCREMENT,
    username CHAR(512)
);
timestamp: 2015-11-05T13:55:09.546014
CREATE TABLE twitter(
    id INTEGER PRIMARY KEY AUTOINCREMENT,
    username CHAR(512)
);
timestamp: 2015-11-05T13:56:27.565779
CREATE TABLE twitter(
    id INTEGER PRIMARY KEY AUTOINCREMENT,
    username CHAR(512)
);
timestamp: 2015-11-05T13:57:45.596177
CREATE TABLE twitter(
    id INTEGER PRIMARY KEY AUTOINCREMENT,
    username CHAR(512)
);
timestamp: 2015-11-05T13:59:03.618675
CREATE TABLE twitter(
    id INTEGER PRIMARY KEY AUTOINCREMENT,
    username CHAR(512)
);
timestamp: 2015-11-05T14:00:21.658780
CREATE TABLE twitter(
    id INTEGER PRIMARY KEY AUTOINCREMENT,
    username CHAR(512)
);
timestamp: 2015-11-05T14:01:39.676035
CREATE TABLE twitter(
    id INTEGER PRIMARY KEY AUTOINCREMENT,
    username CHAR(512)
);
timestamp: 2015-11-05T14:02:57.689675
CREATE TABLE twitter(
    id INTEGER PRIMARY KEY AUTOINCREMENT,
    username CHAR(512)
);
timestamp: 2015-11-05T14:04:15.733282
CREATE TABLE twitter(
    id INTEGER PRIMARY KEY AUTOINCREMENT,
    username CHAR(512)
);
timestamp: 2015-11-05T14:05:32.166224
CREATE TABLE twitter(
    id INTEGER PRIMARY KEY AUTOINCREMENT,
    username CHAR(512)
);
timestamp: 2015-11-05T14:06:36.407619
CREATE TABLE twitter(
    id INTEGER PRIMARY KEY AUTOINCREMENT,
    username CHAR(512)
);
timestamp: 2015-11-05T14:07:54.806097
CREATE TABLE twitter(
    id INTEGER PRIMARY KEY AUTOINCREMENT,
    username CHAR(512)
);
timestamp: 2015-11-05T14:08:57.587139
CREATE TABLE twitter(
    id INTEGER PRIMARY KEY AUTOINCREMENT,
    username CHAR(512)
);
timestamp: 2015-11-05T14:10:15.849903
CREATE TABLE twitter(
    id INTEGER PRIMARY KEY AUTOINCREMENT,
    username CHAR(512)
);
timestamp: 2015-11-05T14:11:27.068707
CREATE TABLE twitter(
    id INTEGER PRIMARY KEY AUTOINCREMENT,
    username CHAR(512)
);
timestamp: 2015-11-05T14:12:27.908327
CREATE TABLE twitter(
    id INTEGER PRIMARY KEY AUTOINCREMENT,
    username CHAR(512)
);
timestamp: 2015-11-05T14:13:45.901430
CREATE TABLE twitter(
    id INTEGER PRIMARY KEY AUTOINCREMENT,
    username CHAR(512)
);
timestamp: 2015-11-05T14:15:04.913821
CREATE TABLE twitter(
    id INTEGER PRIMARY KEY AUTOINCREMENT,
    username CHAR(512)
);
timestamp: 2015-11-05T14:16:10.762050
CREATE TABLE twitter(
    id INTEGER PRIMARY KEY AUTOINCREMENT,
    username CHAR(512)
);
timestamp: 2015-11-05T14:17:28.957116
CREATE TABLE twitter(
    id INTEGER PRIMARY KEY AUTOINCREMENT,
    username CHAR(512)
);
timestamp: 2015-11-05T14:18:29.866965
CREATE TABLE twitter(
    id INTEGER PRIMARY KEY AUTOINCREMENT,
    username CHAR(512)
);
timestamp: 2015-11-05T14:19:30.190506
CREATE TABLE twitter(
    id INTEGER PRIMARY KEY AUTOINCREMENT,
    username CHAR(512)
);
timestamp: 2015-11-05T14:20:49.042532
CREATE TABLE twitter(
    id INTEGER PRIMARY KEY AUTOINCREMENT,
    username CHAR(512)
);
timestamp: 2015-11-05T14:22:08.067053
CREATE TABLE twitter(
    id INTEGER PRIMARY KEY AUTOINCREMENT,
    username CHAR(512)
);
timestamp: 2015-11-05T14:23:27.076894
CREATE TABLE twitter(
    id INTEGER PRIMARY KEY AUTOINCREMENT,
    username CHAR(512)
);
timestamp: 2015-11-05T14:24:46.123783
CREATE TABLE twitter(
    id INTEGER PRIMARY KEY AUTOINCREMENT,
    username CHAR(512)
);
timestamp: 2015-11-05T14:25:58.242015
CREATE TABLE twitter(
    id INTEGER PRIMARY KEY AUTOINCREMENT,
    username CHAR(512)
);
timestamp: 2015-11-05T14:27:17.171392
CREATE TABLE twitter(
    id INTEGER PRIMARY KEY AUTOINCREMENT,
    username CHAR(512)
);
timestamp: 2015-11-05T14:28:30.922775
CREATE TABLE twitter(
    id INTEGER PRIMARY KEY AUTOINCREMENT,
    username CHAR(512)
);
timestamp: 2015-11-05T14:29:50.057540
CREATE TABLE twitter(
    id INTEGER PRIMARY KEY AUTOINCREMENT,
    username CHAR(512)
);
timestamp: 2015-11-05T14:30:52.267798
CREATE TABLE twitter(
    id INTEGER PRIMARY KEY AUTOINCREMENT,
    username CHAR(512)
);
timestamp: 2015-11-05T14:31:59.934516
CREATE TABLE twitter(
    id INTEGER PRIMARY KEY AUTOINCREMENT,
    username CHAR(512)
);
timestamp: 2015-11-05T14:33:19.259367
CREATE TABLE twitter(
    id INTEGER PRIMARY KEY AUTOINCREMENT,
    username CHAR(512)
);
timestamp: 2015-11-05T14:34:20.277304
CREATE TABLE twitter(
    id INTEGER PRIMARY KEY AUTOINCREMENT,
    username CHAR(512)
);
timestamp: 2015-11-05T14:35:39.321650
CREATE TABLE twitter(
    id INTEGER PRIMARY KEY AUTOINCREMENT,
    username CHAR(512)
);
timestamp: 2015-11-05T14:36:58.345556
CREATE TABLE twitter(
    id INTEGER PRIMARY KEY AUTOINCREMENT,
    username CHAR(512)
);
timestamp: 2015-11-05T14:38:17.236984
CREATE TABLE twitter(
    id INTEGER PRIMARY KEY AUTOINCREMENT,
    username CHAR(512)
);
timestamp: 2015-11-05T14:39:21.167326
CREATE TABLE twitter(
    id INTEGER PRIMARY KEY AUTOINCREMENT,
    username CHAR(512)
);
timestamp: 2015-11-05T14:40:40.378667
CREATE TABLE twitter(
    id INTEGER PRIMARY KEY AUTOINCREMENT,
    username CHAR(512)
);
timestamp: 2015-11-05T14:41:59.417904
CREATE TABLE twitter(
    id INTEGER PRIMARY KEY AUTOINCREMENT,
    username CHAR(512)
);
timestamp: 2015-11-05T14:43:18.439204
CREATE TABLE twitter(
    id INTEGER PRIMARY KEY AUTOINCREMENT,
    username CHAR(512)
);
timestamp: 2015-11-05T14:44:37.462216
CREATE TABLE twitter(
    id INTEGER PRIMARY KEY AUTOINCREMENT,
    username CHAR(512)
);
timestamp: 2015-11-05T14:45:56.422271
CREATE TABLE twitter(
    id INTEGER PRIMARY KEY AUTOINCREMENT,
    username CHAR(512)
);
timestamp: 2015-11-05T14:47:15.514105
CREATE TABLE twitter(
    id INTEGER PRIMARY KEY AUTOINCREMENT,
    username CHAR(512)
);
timestamp: 2015-11-05T14:47:30.312552
CREATE TABLE twitter(
    id INTEGER PRIMARY KEY AUTOINCREMENT,
    username CHAR(512)
);
timestamp: 2015-11-05T14:48:30.126896
CREATE TABLE twitter(
    id INTEGER PRIMARY KEY AUTOINCREMENT,
    username CHAR(512)
);
timestamp: 2015-11-05T14:49:30.123282
CREATE TABLE twitter(
    id INTEGER PRIMARY KEY AUTOINCREMENT,
    username CHAR(512)
);
timestamp: 2015-11-05T14:50:30.131991
CREATE TABLE twitter(
    id INTEGER PRIMARY KEY AUTOINCREMENT,
    username CHAR(512)
);
timestamp: 2015-11-05T14:51:30.127585
CREATE TABLE twitter(
    id INTEGER PRIMARY KEY AUTOINCREMENT,
    username CHAR(512)
);
timestamp: 2015-11-05T14:52:31.854457
CREATE TABLE twitter(
    id INTEGER PRIMARY KEY AUTOINCREMENT,
    username CHAR(512)
);
timestamp: 2015-11-05T14:53:31.870488
CREATE TABLE twitter(
    id INTEGER PRIMARY KEY AUTOINCREMENT,
    username CHAR(512)
);
timestamp: 2015-11-05T14:54:33.456026
CREATE TABLE twitter(
    id INTEGER PRIMARY KEY AUTOINCREMENT,
    username CHAR(512)
);
timestamp: 2015-11-05T14:55:35.942662
CREATE TABLE twitter(
    id INTEGER PRIMARY KEY AUTOINCREMENT,
    username CHAR(512)
);
timestamp: 2015-11-05T14:56:51.390398
CREATE TABLE twitter(
    id INTEGER PRIMARY KEY AUTOINCREMENT,
    username CHAR(512)
);
timestamp: 2015-11-05T14:57:59.963292
CREATE TABLE twitter(
    id INTEGER PRIMARY KEY AUTOINCREMENT,
    username CHAR(512)
);
timestamp: 2015-11-05T14:59:14.726905
CREATE TABLE twitter(
    id INTEGER PRIMARY KEY AUTOINCREMENT,
    username CHAR(512)
);
timestamp: 2015-11-05T15:00:15.210536
CREATE TABLE twitter(
    id INTEGER PRIMARY KEY AUTOINCREMENT,
    username CHAR(512)
);
timestamp: 2015-11-05T15:01:31.026954
CREATE TABLE twitter(
    id INTEGER PRIMARY KEY AUTOINCREMENT,
    username CHAR(512)
);
timestamp: 2015-11-05T15:02:31.878203
CREATE TABLE twitter(
    id INTEGER PRIMARY KEY AUTOINCREMENT,
    username CHAR(512)
);
timestamp: 2015-11-05T15:03:39.885150
CREATE TABLE twitter(
    id INTEGER PRIMARY KEY AUTOINCREMENT,
    username CHAR(512)
);
timestamp: 2015-11-05T15:04:54.827328
CREATE TABLE twitter(
    id INTEGER PRIMARY KEY AUTOINCREMENT,
    username CHAR(512)
);
timestamp: 2015-11-05T15:06:09.897001
CREATE TABLE twitter(
    id INTEGER PRIMARY KEY AUTOINCREMENT,
    username CHAR(512)
);
timestamp: 2015-11-05T15:07:25.928992
CREATE TABLE twitter(
    id INTEGER PRIMARY KEY AUTOINCREMENT,
    username CHAR(512)
);
timestamp: 2015-11-05T15:08:41.882354
CREATE TABLE twitter(
    id INTEGER PRIMARY KEY AUTOINCREMENT,
    username CHAR(512)
);
timestamp: 2015-11-05T15:09:43.099908
CREATE TABLE twitter(
    id INTEGER PRIMARY KEY AUTOINCREMENT,
    username CHAR(512)
);
timestamp: 2015-11-05T15:10:58.282618
CREATE TABLE twitter(
    id INTEGER PRIMARY KEY AUTOINCREMENT,
    username CHAR(512)
);
timestamp: 2015-11-05T15:11:58.876407
CREATE TABLE twitter(
    id INTEGER PRIMARY KEY AUTOINCREMENT,
    username CHAR(512)
);
timestamp: 2015-11-05T15:13:14.030262
CREATE TABLE twitter(
    id INTEGER PRIMARY KEY AUTOINCREMENT,
    username CHAR(512)
);
timestamp: 2015-11-05T15:14:14.881528
CREATE TABLE twitter(
    id INTEGER PRIMARY KEY AUTOINCREMENT,
    username CHAR(512)
);
timestamp: 2015-11-05T15:15:15.934148
CREATE TABLE twitter(
    id INTEGER PRIMARY KEY AUTOINCREMENT,
    username CHAR(512)
);
timestamp: 2015-11-05T15:16:19.086439
CREATE TABLE twitter(
    id INTEGER PRIMARY KEY AUTOINCREMENT,
    username CHAR(512)
);
timestamp: 2015-11-05T15:17:22.551879
CREATE TABLE twitter(
    id INTEGER PRIMARY KEY AUTOINCREMENT,
    username CHAR(512)
);
timestamp: 2015-11-05T15:18:23.290711
CREATE TABLE twitter(
    id INTEGER PRIMARY KEY AUTOINCREMENT,
    username CHAR(512)
);
timestamp: 2015-11-05T15:19:26.493798
CREATE TABLE twitter(
    id INTEGER PRIMARY KEY AUTOINCREMENT,
    username CHAR(512)
);
timestamp: 2015-11-05T15:20:42.155070
CREATE TABLE twitter(
    id INTEGER PRIMARY KEY AUTOINCREMENT,
    username CHAR(512)
);
timestamp: 2015-11-05T15:21:42.873878
CREATE TABLE twitter(
    id INTEGER PRIMARY KEY AUTOINCREMENT,
    username CHAR(512)
);
timestamp: 2015-11-05T15:22:43.476123
CREATE TABLE twitter(
    id INTEGER PRIMARY KEY AUTOINCREMENT,
    username CHAR(512)
);
timestamp: 2015-11-05T15:23:59.363718
CREATE TABLE twitter(
    id INTEGER PRIMARY KEY AUTOINCREMENT,
    username CHAR(512)
);
timestamp: 2015-11-05T15:25:15.349746
CREATE TABLE twitter(
    id INTEGER PRIMARY KEY AUTOINCREMENT,
    username CHAR(512)
);
timestamp: 2015-11-05T15:26:15.873087
CREATE TABLE twitter(
    id INTEGER PRIMARY KEY AUTOINCREMENT,
    username CHAR(512)
);
timestamp: 2015-11-05T15:27:20.204505
CREATE TABLE twitter(
    id INTEGER PRIMARY KEY AUTOINCREMENT,
    username CHAR(512)
);
timestamp: 2015-11-05T15:28:20.874262
CREATE TABLE twitter(
    id INTEGER PRIMARY KEY AUTOINCREMENT,
    username CHAR(512)
);
timestamp: 2015-11-05T15:29:20.875687
CREATE TABLE twitter(
    id INTEGER PRIMARY KEY AUTOINCREMENT,
    username CHAR(512)
);
timestamp: 2015-11-05T15:30:36.533665
CREATE TABLE twitter(
    id INTEGER PRIMARY KEY AUTOINCREMENT,
    username CHAR(512)
);
timestamp: 2015-11-05T15:31:52.567533
CREATE TABLE twitter(
    id INTEGER PRIMARY KEY AUTOINCREMENT,
    username CHAR(512)
);
timestamp: 2015-11-05T15:33:08.600028
CREATE TABLE twitter(
    id INTEGER PRIMARY KEY AUTOINCREMENT,
    username CHAR(512)
);
timestamp: 2015-11-05T15:34:08.893676
CREATE TABLE twitter(
    id INTEGER PRIMARY KEY AUTOINCREMENT,
    username CHAR(512)
);
timestamp: 2015-11-05T15:35:10.303437
CREATE TABLE twitter(
    id INTEGER PRIMARY KEY AUTOINCREMENT,
    username CHAR(512)
);
timestamp: 2015-11-05T15:36:11.357562
CREATE TABLE twitter(
    id INTEGER PRIMARY KEY AUTOINCREMENT,
    username CHAR(512)
);
timestamp: 2015-11-05T15:37:17.395190
CREATE TABLE twitter(
    id INTEGER PRIMARY KEY AUTOINCREMENT,
    username CHAR(512)
);
timestamp: 2015-11-05T15:38:17.874422
CREATE TABLE twitter(
    id INTEGER PRIMARY KEY AUTOINCREMENT,
    username CHAR(512)
);
timestamp: 2015-11-05T15:39:17.873128
CREATE TABLE twitter(
    id INTEGER PRIMARY KEY AUTOINCREMENT,
    username CHAR(512)
);
timestamp: 2015-11-05T15:40:33.799513
CREATE TABLE twitter(
    id INTEGER PRIMARY KEY AUTOINCREMENT,
    username CHAR(512)
);
timestamp: 2015-11-05T15:41:49.813339
CREATE TABLE twitter(
    id INTEGER PRIMARY KEY AUTOINCREMENT,
    username CHAR(512)
);
timestamp: 2015-11-05T15:43:05.812525
CREATE TABLE twitter(
    id INTEGER PRIMARY KEY AUTOINCREMENT,
    username CHAR(512)
);
timestamp: 2015-11-05T15:44:21.865411
CREATE TABLE twitter(
    id INTEGER PRIMARY KEY AUTOINCREMENT,
    username CHAR(512)
);
timestamp: 2015-11-05T15:45:21.875982
CREATE TABLE twitter(
    id INTEGER PRIMARY KEY AUTOINCREMENT,
    username CHAR(512)
);
timestamp: 2015-11-05T15:46:37.889001
CREATE TABLE twitter(
    id INTEGER PRIMARY KEY AUTOINCREMENT,
    username CHAR(512)
);
timestamp: 2015-11-05T15:47:54.921718
CREATE TABLE twitter(
    id INTEGER PRIMARY KEY AUTOINCREMENT,
    username CHAR(512)
);
timestamp: 2015-11-05T15:48:55.910314
CREATE TABLE twitter(
    id INTEGER PRIMARY KEY AUTOINCREMENT,
    username CHAR(512)
);
timestamp: 2015-11-05T15:50:13.010913
CREATE TABLE twitter(
    id INTEGER PRIMARY KEY AUTOINCREMENT,
    username CHAR(512)
);
timestamp: 2015-11-05T15:51:13.885679
CREATE TABLE twitter(
    id INTEGER PRIMARY KEY AUTOINCREMENT,
    username CHAR(512)
);
timestamp: 2015-11-05T15:52:30.070795
CREATE TABLE twitter(
    id INTEGER PRIMARY KEY AUTOINCREMENT,
    username CHAR(512)
);
timestamp: 2015-11-05T15:53:32.015376
CREATE TABLE twitter(
    id INTEGER PRIMARY KEY AUTOINCREMENT,
    username CHAR(512)
);
timestamp: 2015-11-05T15:54:38.083620
CREATE TABLE twitter(
    id INTEGER PRIMARY KEY AUTOINCREMENT,
    username CHAR(512)
);
timestamp: 2015-11-05T15:55:55.100566
CREATE TABLE twitter(
    id INTEGER PRIMARY KEY AUTOINCREMENT,
    username CHAR(512)
);
timestamp: 2015-11-05T15:56:57.318067
CREATE TABLE twitter(
    id INTEGER PRIMARY KEY AUTOINCREMENT,
    username CHAR(512)
);
timestamp: 2015-11-05T15:58:14.164659
CREATE TABLE twitter(
    id INTEGER PRIMARY KEY AUTOINCREMENT,
    username CHAR(512)
);
timestamp: 2015-11-05T15:59:16.307370
CREATE TABLE twitter(
    id INTEGER PRIMARY KEY AUTOINCREMENT,
    username CHAR(512)
);
timestamp: 2015-11-05T16:00:22.821279
CREATE TABLE twitter(
    id INTEGER PRIMARY KEY AUTOINCREMENT,
    username CHAR(512)
);
timestamp: 2015-11-05T16:01:39.090129
CREATE TABLE twitter(
    id INTEGER PRIMARY KEY AUTOINCREMENT,
    username CHAR(512)
);
timestamp: 2015-11-05T16:02:39.089602
CREATE TABLE twitter(
    id INTEGER PRIMARY KEY AUTOINCREMENT,
    username CHAR(512)
);
timestamp: 2015-11-05T16:03:39.166977
CREATE TABLE twitter(
    id INTEGER PRIMARY KEY AUTOINCREMENT,
    username CHAR(512)
);
timestamp: 2015-11-05T16:04:39.100911
CREATE TABLE twitter(
    id INTEGER PRIMARY KEY AUTOINCREMENT,
    username CHAR(512)
);
timestamp: 2015-11-05T16:05:39.109453
CREATE TABLE twitter(
    id INTEGER PRIMARY KEY AUTOINCREMENT,
    username CHAR(512)
);
timestamp: 2015-11-05T16:06:39.108503
CREATE TABLE twitter(
    id INTEGER PRIMARY KEY AUTOINCREMENT,
    username CHAR(512)
);
timestamp: 2015-11-05T16:07:39.113173
CREATE TABLE twitter(
    id INTEGER PRIMARY KEY AUTOINCREMENT,
    username CHAR(512)
);
timestamp: 2015-11-05T16:08:54.058328
CREATE TABLE twitter(
    id INTEGER PRIMARY KEY AUTOINCREMENT,
    username CHAR(512)
);
timestamp: 2015-11-05T16:10:09.890222
CREATE TABLE twitter(
    id INTEGER PRIMARY KEY AUTOINCREMENT,
    username CHAR(512)
);
timestamp: 2015-11-05T16:11:25.938272
CREATE TABLE twitter(
    id INTEGER PRIMARY KEY AUTOINCREMENT,
    username CHAR(512)
);
timestamp: 2015-11-05T16:12:27.849582
CREATE TABLE twitter(
    id INTEGER PRIMARY KEY AUTOINCREMENT,
    username CHAR(512)
);
timestamp: 2015-11-05T16:13:27.847112
CREATE TABLE twitter(
    id INTEGER PRIMARY KEY AUTOINCREMENT,
    username CHAR(512)
);
timestamp: 2015-11-05T16:14:27.825174
CREATE TABLE twitter(
    id INTEGER PRIMARY KEY AUTOINCREMENT,
    username CHAR(512)
);
timestamp: 2015-11-05T16:15:27.795764
CREATE TABLE twitter(
    id INTEGER PRIMARY KEY AUTOINCREMENT,
    username CHAR(512)
);
timestamp: 2015-11-05T16:16:28.488473
CREATE TABLE twitter(
    id INTEGER PRIMARY KEY AUTOINCREMENT,
    username CHAR(512)
);
timestamp: 2015-11-05T16:17:28.845435
CREATE TABLE twitter(
    id INTEGER PRIMARY KEY AUTOINCREMENT,
    username CHAR(512)
);
timestamp: 2015-11-05T16:18:44.714088
CREATE TABLE twitter(
    id INTEGER PRIMARY KEY AUTOINCREMENT,
    username CHAR(512)
);
timestamp: 2015-11-05T16:19:44.716147
CREATE TABLE twitter(
    id INTEGER PRIMARY KEY AUTOINCREMENT,
    username CHAR(512)
);
timestamp: 2015-11-05T16:20:54.246155
CREATE TABLE twitter(
    id INTEGER PRIMARY KEY AUTOINCREMENT,
    username CHAR(512)
);
timestamp: 2015-11-05T16:22:01.703808
CREATE TABLE twitter(
    id INTEGER PRIMARY KEY AUTOINCREMENT,
    username CHAR(512)
);
timestamp: 2015-11-05T16:23:02.674307
CREATE TABLE twitter(
    id INTEGER PRIMARY KEY AUTOINCREMENT,
    username CHAR(512)
);
timestamp: 2015-11-05T16:24:03.855636
CREATE TABLE twitter(
    id INTEGER PRIMARY KEY AUTOINCREMENT,
    username CHAR(512)
);
timestamp: 2015-11-05T16:25:11.699421
CREATE TABLE twitter(
    id INTEGER PRIMARY KEY AUTOINCREMENT,
    username CHAR(512)
);
timestamp: 2015-11-05T16:26:27.885282
CREATE TABLE twitter(
    id INTEGER PRIMARY KEY AUTOINCREMENT,
    username CHAR(512)
);
timestamp: 2015-11-05T16:27:29.952062
CREATE TABLE twitter(
    id INTEGER PRIMARY KEY AUTOINCREMENT,
    username CHAR(512)
);
timestamp: 2015-11-05T16:28:34.162621
CREATE TABLE twitter(
    id INTEGER PRIMARY KEY AUTOINCREMENT,
    username CHAR(512)
);
timestamp: 2015-11-05T16:29:34.675599
CREATE TABLE twitter(
    id INTEGER PRIMARY KEY AUTOINCREMENT,
    username CHAR(512)
);
timestamp: 2015-11-05T16:30:35.288921
CREATE TABLE twitter(
    id INTEGER PRIMARY KEY AUTOINCREMENT,
    username CHAR(512)
);
timestamp: 2015-11-05T16:31:51.038244
CREATE TABLE twitter(
    id INTEGER PRIMARY KEY AUTOINCREMENT,
    username CHAR(512)
);
timestamp: 2015-11-05T16:33:07.064941
CREATE TABLE twitter(
    id INTEGER PRIMARY KEY AUTOINCREMENT,
    username CHAR(512)
);
timestamp: 2015-11-05T16:34:08.524627
CREATE TABLE twitter(
    id INTEGER PRIMARY KEY AUTOINCREMENT,
    username CHAR(512)
);
timestamp: 2015-11-05T16:35:12.004840
CREATE TABLE twitter(
    id INTEGER PRIMARY KEY AUTOINCREMENT,
    username CHAR(512)
);
timestamp: 2015-11-05T16:36:28.106814
CREATE TABLE twitter(
    id INTEGER PRIMARY KEY AUTOINCREMENT,
    username CHAR(512)
);
timestamp: 2015-11-05T16:37:30.116292
CREATE TABLE twitter(
    id INTEGER PRIMARY KEY AUTOINCREMENT,
    username CHAR(512)
);
timestamp: 2015-11-05T16:38:31.140453
CREATE TABLE twitter(
    id INTEGER PRIMARY KEY AUTOINCREMENT,
    username CHAR(512)
);
timestamp: 2015-11-05T16:39:37.667502
CREATE TABLE twitter(
    id INTEGER PRIMARY KEY AUTOINCREMENT,
    username CHAR(512)
);
timestamp: 2015-11-05T16:40:37.694065
CREATE TABLE twitter(
    id INTEGER PRIMARY KEY AUTOINCREMENT,
    username CHAR(512)
);
timestamp: 2015-11-05T16:41:53.276357
CREATE TABLE twitter(
    id INTEGER PRIMARY KEY AUTOINCREMENT,
    username CHAR(512)
);
timestamp: 2015-11-05T16:43:09.272258
CREATE TABLE twitter(
    id INTEGER PRIMARY KEY AUTOINCREMENT,
    username CHAR(512)
);
timestamp: 2015-11-05T16:44:09.677263
CREATE TABLE twitter(
    id INTEGER PRIMARY KEY AUTOINCREMENT,
    username CHAR(512)
);
timestamp: 2015-11-05T16:45:09.864971
CREATE TABLE twitter(
    id INTEGER PRIMARY KEY AUTOINCREMENT,
    username CHAR(512)
);
timestamp: 2015-11-05T16:46:26.404886
CREATE TABLE twitter(
    id INTEGER PRIMARY KEY AUTOINCREMENT,
    username CHAR(512)
);
timestamp: 2015-11-05T16:47:30.076881
CREATE TABLE twitter(
    id INTEGER PRIMARY KEY AUTOINCREMENT,
    username CHAR(512)
);
timestamp: 2015-11-05T16:48:46.453580
CREATE TABLE twitter(
    id INTEGER PRIMARY KEY AUTOINCREMENT,
    username CHAR(512)
);
timestamp: 2015-11-05T16:49:49.073140
CREATE TABLE twitter(
    id INTEGER PRIMARY KEY AUTOINCREMENT,
    username CHAR(512)
);
timestamp: 2015-11-05T16:50:57.850152
CREATE TABLE twitter(
    id INTEGER PRIMARY KEY AUTOINCREMENT,
    username CHAR(512)
);
timestamp: 2015-11-05T16:52:14.520784
CREATE TABLE twitter(
    id INTEGER PRIMARY KEY AUTOINCREMENT,
    username CHAR(512)
);
timestamp: 2015-11-05T16:53:30.566017
CREATE TABLE twitter(
    id INTEGER PRIMARY KEY AUTOINCREMENT,
    username CHAR(512)
);
timestamp: 2015-11-05T16:54:33.165717
CREATE TABLE twitter(
    id INTEGER PRIMARY KEY AUTOINCREMENT,
    username CHAR(512)
);
timestamp: 2015-11-05T16:55:37.384331
CREATE TABLE twitter(
    id INTEGER PRIMARY KEY AUTOINCREMENT,
    username CHAR(512)
);
timestamp: 2015-11-05T16:56:45.539744
CREATE TABLE twitter(
    id INTEGER PRIMARY KEY AUTOINCREMENT,
    username CHAR(512)
);
timestamp: 2015-11-05T16:57:46.397860
CREATE TABLE twitter(
    id INTEGER PRIMARY KEY AUTOINCREMENT,
    username CHAR(512)
);
timestamp: 2015-11-05T16:58:48.147104
CREATE TABLE twitter(
    id INTEGER PRIMARY KEY AUTOINCREMENT,
    username CHAR(512)
);
timestamp: 2015-11-05T17:00:01.878060
CREATE TABLE twitter(
    id INTEGER PRIMARY KEY AUTOINCREMENT,
    username CHAR(512)
);
timestamp: 2015-11-05T17:01:03.327315
CREATE TABLE twitter(
    id INTEGER PRIMARY KEY AUTOINCREMENT,
    username CHAR(512)
);
timestamp: 2015-12-18T10:00:47.874409
CREATE TABLE twitter(
    id INTEGER PRIMARY KEY AUTOINCREMENT,
    username CHAR(512)
);
timestamp: 2015-12-18T10:04:14.861198
CREATE TABLE twitter(
    id INTEGER PRIMARY KEY AUTOINCREMENT,
    username CHAR(512)
);
timestamp: 2015-12-18T10:04:17.348452
CREATE TABLE twitter(
    id INTEGER PRIMARY KEY AUTOINCREMENT,
    username CHAR(512)
);
timestamp: 2015-12-18T10:04:18.645986
CREATE TABLE twitter(
    id INTEGER PRIMARY KEY AUTOINCREMENT,
    username CHAR(512)
);
timestamp: 2015-12-18T10:04:20.846875
CREATE TABLE twitter(
    id INTEGER PRIMARY KEY AUTOINCREMENT,
    username CHAR(512)
);
timestamp: 2015-12-18T10:04:20.862397
CREATE TABLE twitter(
    id INTEGER PRIMARY KEY AUTOINCREMENT,
    username CHAR(512)
);
timestamp: 2015-12-18T10:04:22.625481
CREATE TABLE twitter(
    id INTEGER PRIMARY KEY AUTOINCREMENT,
    username CHAR(512)
);
timestamp: 2015-12-18T10:04:23.675608
CREATE TABLE twitter(
    id INTEGER PRIMARY KEY AUTOINCREMENT,
    username CHAR(512)
);
timestamp: 2015-12-18T10:13:42.449248
CREATE TABLE twitter(
    id INTEGER PRIMARY KEY AUTOINCREMENT,
    username CHAR(512)
);
timestamp: 2015-12-18T10:13:42.464865
CREATE TABLE twitter(
    id INTEGER PRIMARY KEY AUTOINCREMENT,
    username CHAR(512)
);
timestamp: 2015-12-18T10:13:43.193124
CREATE TABLE twitter(
    id INTEGER PRIMARY KEY AUTOINCREMENT,
    username CHAR(512)
);
timestamp: 2015-12-18T10:13:44.061261
CREATE TABLE twitter(
    id INTEGER PRIMARY KEY AUTOINCREMENT,
    username CHAR(512)
);
timestamp: 2015-12-18T10:13:45.878372
CREATE TABLE twitter(
    id INTEGER PRIMARY KEY AUTOINCREMENT,
    username CHAR(512)
);
timestamp: 2015-12-18T10:13:45.887206
CREATE TABLE twitter(
    id INTEGER PRIMARY KEY AUTOINCREMENT,
    username CHAR(512)
);
timestamp: 2015-12-18T10:14:04.647222
CREATE TABLE twitter(
    id INTEGER PRIMARY KEY AUTOINCREMENT,
    username CHAR(512)
);
timestamp: 2015-12-18T10:14:04.658649
CREATE TABLE twitter(
    id INTEGER PRIMARY KEY AUTOINCREMENT,
    username CHAR(512)
);
timestamp: 2015-12-18T10:14:14.589890
CREATE TABLE twitter(
    id INTEGER PRIMARY KEY AUTOINCREMENT,
    username CHAR(512)
);
timestamp: 2015-12-18T10:15:16.377426
CREATE TABLE twitter(
    id INTEGER PRIMARY KEY AUTOINCREMENT,
    username CHAR(512)
);
timestamp: 2015-12-18T10:16:14.674748
CREATE TABLE twitter(
    id INTEGER PRIMARY KEY AUTOINCREMENT,
    username CHAR(512)
);
timestamp: 2015-12-18T10:16:45.421841
CREATE TABLE twitter(
    id INTEGER PRIMARY KEY AUTOINCREMENT,
    username CHAR(512)
);
timestamp: 2015-12-18T10:16:47.352687
CREATE TABLE twitter(
    id INTEGER PRIMARY KEY AUTOINCREMENT,
    username CHAR(512)
);
timestamp: 2015-12-18T10:16:49.821575
CREATE TABLE twitter(
    id INTEGER PRIMARY KEY AUTOINCREMENT,
    username CHAR(512)
);
timestamp: 2015-12-18T10:16:51.086708
CREATE TABLE twitter(
    id INTEGER PRIMARY KEY AUTOINCREMENT,
    username CHAR(512)
);
timestamp: 2015-12-18T10:16:53.002105
CREATE TABLE twitter(
    id INTEGER PRIMARY KEY AUTOINCREMENT,
    username CHAR(512)
);
timestamp: 2015-12-18T10:16:53.033066
CREATE TABLE twitter(
    id INTEGER PRIMARY KEY AUTOINCREMENT,
    username CHAR(512)
);
timestamp: 2015-12-18T10:16:53.833325
CREATE TABLE twitter(
    id INTEGER PRIMARY KEY AUTOINCREMENT,
    username CHAR(512)
);
timestamp: 2015-12-18T10:16:54.836556
CREATE TABLE twitter(
    id INTEGER PRIMARY KEY AUTOINCREMENT,
    username CHAR(512)
);
timestamp: 2015-12-18T10:17:03.337086
CREATE TABLE twitter(
    id INTEGER PRIMARY KEY AUTOINCREMENT,
    username CHAR(512)
);
timestamp: 2015-12-18T10:17:03.367876
CREATE TABLE twitter(
    id INTEGER PRIMARY KEY AUTOINCREMENT,
    username CHAR(512)
);
timestamp: 2015-12-18T10:18:32.788714
CREATE TABLE twitter(
    id INTEGER PRIMARY KEY AUTOINCREMENT,
    username CHAR(512)
);
timestamp: 2015-12-18T10:18:34.297269
CREATE TABLE twitter(
    id INTEGER PRIMARY KEY AUTOINCREMENT,
    username CHAR(512)
);
timestamp: 2015-12-18T10:18:36.342093
CREATE TABLE twitter(
    id INTEGER PRIMARY KEY AUTOINCREMENT,
    username CHAR(512)
);
timestamp: 2015-12-18T10:18:36.370348
CREATE TABLE twitter(
    id INTEGER PRIMARY KEY AUTOINCREMENT,
    username CHAR(512)
);
timestamp: 2015-12-18T10:18:37.287247
CREATE TABLE twitter(
    id INTEGER PRIMARY KEY AUTOINCREMENT,
    username CHAR(512)
);
timestamp: 2015-12-18T10:18:38.247729
CREATE TABLE twitter(
    id INTEGER PRIMARY KEY AUTOINCREMENT,
    username CHAR(512)
);
timestamp: 2015-12-18T10:18:41.259871
CREATE TABLE twitter(
    id INTEGER PRIMARY KEY AUTOINCREMENT,
    username CHAR(512)
);
timestamp: 2015-12-18T10:19:03.376950
CREATE TABLE twitter(
    id INTEGER PRIMARY KEY AUTOINCREMENT,
    username CHAR(512)
);
timestamp: 2015-12-18T10:19:04.196217
CREATE TABLE twitter(
    id INTEGER PRIMARY KEY AUTOINCREMENT,
    username CHAR(512)
);
timestamp: 2015-12-18T10:19:05.221506
CREATE TABLE twitter(
    id INTEGER PRIMARY KEY AUTOINCREMENT,
    username CHAR(512)
);
timestamp: 2015-12-18T10:19:15.785920
CREATE TABLE twitter(
    id INTEGER PRIMARY KEY AUTOINCREMENT,
    username CHAR(512)
);
timestamp: 2015-12-18T10:19:53.569703
CREATE TABLE twitter(
    id INTEGER PRIMARY KEY AUTOINCREMENT,
    username CHAR(512)
);
timestamp: 2015-12-18T10:19:54.535185
CREATE TABLE twitter(
    id INTEGER PRIMARY KEY AUTOINCREMENT,
    username CHAR(512)
);
timestamp: 2015-12-18T10:19:55.939726
CREATE TABLE twitter(
    id INTEGER PRIMARY KEY AUTOINCREMENT,
    username CHAR(512)
);
timestamp: 2015-12-18T10:19:57.259951
CREATE TABLE twitter(
    id INTEGER PRIMARY KEY AUTOINCREMENT,
    username CHAR(512)
);
timestamp: 2015-12-18T10:20:15.968731
CREATE TABLE twitter(
    id INTEGER PRIMARY KEY AUTOINCREMENT,
    username CHAR(512)
);
timestamp: 2015-12-18T10:20:24.382793
CREATE TABLE twitter(
    id INTEGER PRIMARY KEY AUTOINCREMENT,
    username CHAR(512)
);
timestamp: 2015-12-18T10:21:15.653658
CREATE TABLE twitter(
    id INTEGER PRIMARY KEY AUTOINCREMENT,
    username CHAR(512)
);
timestamp: 2015-12-18T10:22:17.291328
CREATE TABLE twitter(
    id INTEGER PRIMARY KEY AUTOINCREMENT,
    username CHAR(512)
);
timestamp: 2015-12-18T10:23:17.314602
CREATE TABLE twitter(
    id INTEGER PRIMARY KEY AUTOINCREMENT,
    username CHAR(512)
);
timestamp: 2015-12-18T10:24:21.939284
CREATE TABLE twitter(
    id INTEGER PRIMARY KEY AUTOINCREMENT,
    username CHAR(512)
);
timestamp: 2015-12-18T10:25:20.202801
CREATE TABLE twitter(
    id INTEGER PRIMARY KEY AUTOINCREMENT,
    username CHAR(512)
);
timestamp: 2015-12-18T10:26:33.098060
CREATE TABLE twitter(
    id INTEGER PRIMARY KEY AUTOINCREMENT,
    username CHAR(512)
);
timestamp: 2015-12-18T10:27:27.157124
CREATE TABLE twitter(
    id INTEGER PRIMARY KEY AUTOINCREMENT,
    username CHAR(512)
);
timestamp: 2015-12-18T10:28:18.053965
CREATE TABLE twitter(
    id INTEGER PRIMARY KEY AUTOINCREMENT,
    username CHAR(512)
);
timestamp: 2015-12-18T10:29:18.052876
CREATE TABLE twitter(
    id INTEGER PRIMARY KEY AUTOINCREMENT,
    username CHAR(512)
);
timestamp: 2015-12-18T10:29:20.891779
CREATE TABLE twitter(
    id INTEGER PRIMARY KEY AUTOINCREMENT,
    username CHAR(512)
);
timestamp: 2015-12-18T10:29:20.914618
CREATE TABLE twitter(
    id INTEGER PRIMARY KEY AUTOINCREMENT,
    username CHAR(512)
);
timestamp: 2015-12-18T10:29:21.823978
CREATE TABLE twitter(
    id INTEGER PRIMARY KEY AUTOINCREMENT,
    username CHAR(512)
);
timestamp: 2015-12-18T10:29:22.995309
CREATE TABLE twitter(
    id INTEGER PRIMARY KEY AUTOINCREMENT,
    username CHAR(512)
);
timestamp: 2015-12-18T10:35:23.788940
CREATE TABLE twitter(
    id INTEGER PRIMARY KEY AUTOINCREMENT,
    username CHAR(512)
);
timestamp: 2015-12-18T10:36:41.799225
CREATE TABLE twitter(
    id INTEGER PRIMARY KEY AUTOINCREMENT,
    username CHAR(512)
);
timestamp: 2015-12-18T10:37:41.773174
CREATE TABLE twitter(
    id INTEGER PRIMARY KEY AUTOINCREMENT,
    username CHAR(512)
);
timestamp: 2015-12-18T10:43:07.758362
CREATE TABLE twitter(
    id INTEGER PRIMARY KEY AUTOINCREMENT,
    username CHAR(512)
);
timestamp: 2015-12-18T10:44:07.739987
CREATE TABLE twitter(
    id INTEGER PRIMARY KEY AUTOINCREMENT,
    username CHAR(512)
);
timestamp: 2015-12-18T10:45:08.557159
CREATE TABLE twitter(
    id INTEGER PRIMARY KEY AUTOINCREMENT,
    username CHAR(512)
);
timestamp: 2015-12-18T10:46:23.031637
CREATE TABLE twitter(
    id INTEGER PRIMARY KEY AUTOINCREMENT,
    username CHAR(512)
);
timestamp: 2015-12-18T10:47:09.131129
CREATE TABLE twitter(
    id INTEGER PRIMARY KEY AUTOINCREMENT,
    username CHAR(512)
);
